0 info it worked if it ends with ok
1 warn npm npm does not support Node.js v10.21.0
2 warn npm You should probably upgrade to a newer version of node as we
3 warn npm can't make any promises that npm will work with this version.
4 warn npm Supported releases of Node.js are the latest release of 4, 6, 7, 8, 9.
5 warn npm You can find the latest version at https://nodejs.org/
6 verbose cli [ '/usr/bin/node',
6 verbose cli   '/usr/bin/npm',
6 verbose cli   'run',
6 verbose cli   'development',
6 verbose cli   '--',
6 verbose cli   '--watch' ]
7 info using npm@5.8.0
8 info using node@v10.21.0
9 verbose config Skipping project config: /home/application/.npmrc. (matches userconfig)
10 verbose run-script [ 'predevelopment', 'development', 'postdevelopment' ]
11 info lifecycle @~predevelopment: @
12 info lifecycle @~development: @
13 verbose lifecycle @~development: unsafe-perm in lifecycle true
14 verbose lifecycle @~development: PATH: /usr/share/npm/node_modules/npm-lifecycle/node-gyp-bin:/home/application/node_modules/.bin:/usr/share/npm/node_modules/npm-lifecycle/node-gyp-bin:/home/application/node_modules/.bin:/usr/local/sbin:/usr/local/bin:/usr/sbin:/usr/bin:/sbin:/bin
15 verbose lifecycle @~development: CWD: /home/application
16 silly lifecycle @~development: Args: [ '-c',
16 silly lifecycle   'cross-env NODE_ENV=development node_modules/webpack/bin/webpack.js --progress --hide-modules --config=node_modules/laravel-mix/setup/webpack.config.js "--watch"' ]
17 silly lifecycle @~development: Returned: code: 1  signal: null
18 info lifecycle @~development: Failed to exec development script
19 verbose stack Error: @ development: `cross-env NODE_ENV=development node_modules/webpack/bin/webpack.js --progress --hide-modules --config=node_modules/laravel-mix/setup/webpack.config.js "--watch"`
19 verbose stack Exit status 1
19 verbose stack     at EventEmitter.<anonymous> (/usr/share/npm/node_modules/npm-lifecycle/index.js:283:16)
19 verbose stack     at EventEmitter.emit (events.js:198:13)
19 verbose stack     at ChildProcess.<anonymous> (/usr/share/npm/node_modules/npm-lifecycle/lib/spawn.js:55:14)
19 verbose stack     at ChildProcess.emit (events.js:198:13)
19 verbose stack     at maybeClose (internal/child_process.js:982:16)
19 verbose stack     at Process.ChildProcess._handle.onexit (internal/child_process.js:259:5)
20 verbose pkgid @
21 verbose cwd /home/application
22 verbose Linux 5.4.0-48-generic
23 verbose argv "/usr/bin/node" "/usr/bin/npm" "run" "development" "--" "--watch"
24 verbose node v10.21.0
25 verbose npm  v5.8.0
26 error code ELIFECYCLE
27 error errno 1
28 error @ development: `cross-env NODE_ENV=development node_modules/webpack/bin/webpack.js --progress --hide-modules --config=node_modules/laravel-mix/setup/webpack.config.js "--watch"`
28 error Exit status 1
29 error Failed at the @ development script.
29 error This is probably not a problem with npm. There is likely additional logging output above.
30 verbose exit [ 1, true ]
